Spark Command: /usr/lib/jvm/java-8-openjdk-amd64/jre/bin/java -cp /opt/spark/conf/:/opt/spark/jars/* -Xmx1g org.apache.spark.deploy.master.Master --host cassandra-ubuntu-20-04-1-vm.us-west1-b.c.spark-streaming-326814.internal --port 7077 --webui-port 8080
========================================
Using Spark's default log4j profile: org/apache/spark/log4j-defaults.properties
21/11/25 05:09:16 INFO Master: Started daemon with process name: 3097@cassandra-ubuntu-20-04-1-vm
21/11/25 05:09:16 INFO SignalUtils: Registering signal handler for TERM
21/11/25 05:09:16 INFO SignalUtils: Registering signal handler for HUP
21/11/25 05:09:16 INFO SignalUtils: Registering signal handler for INT
21/11/25 05:09:17 WARN NativeCodeLoader: Unable to load native-hadoop library for your platform... using builtin-java classes where applicable
21/11/25 05:09:17 INFO SecurityManager: Changing view acls to: shaivishubhi
21/11/25 05:09:17 INFO SecurityManager: Changing modify acls to: shaivishubhi
21/11/25 05:09:17 INFO SecurityManager: Changing view acls groups to: 
21/11/25 05:09:17 INFO SecurityManager: Changing modify acls groups to: 
21/11/25 05:09:17 INFO SecurityManager: SecurityManager: authentication disabled; ui acls disabled; users  with view permissions: Set(shaivishubhi); groups with view permissions: Set(); users  with modify permissions: Set(shaivishubhi); groups with modify permissions: Set()
21/11/25 05:09:18 INFO Utils: Successfully started service 'sparkMaster' on port 7077.
21/11/25 05:09:18 INFO Master: Starting Spark master at spark://cassandra-ubuntu-20-04-1-vm.us-west1-b.c.spark-streaming-326814.internal:7077
21/11/25 05:09:18 INFO Master: Running Spark version 3.1.2
21/11/25 05:09:18 INFO Utils: Successfully started service 'MasterUI' on port 8080.
21/11/25 05:09:18 INFO MasterWebUI: Bound MasterWebUI to 0.0.0.0, and started at http://cassandra-ubuntu-20-04-1-vm.us-west1-b.c.spark-streaming-326814.internal:8080
21/11/25 05:09:18 INFO Master: I have been elected leader! New state: ALIVE
21/11/25 05:09:36 INFO Master: Registering worker 192.168.1.3:37279 with 2 cores, 6.8 GiB RAM
21/11/25 05:09:46 INFO Master: Registering app Stream Table Join Demo
21/11/25 05:09:46 INFO Master: Registered app Stream Table Join Demo with ID app-20211125050946-0000
21/11/25 05:09:46 INFO Master: Launching executor app-20211125050946-0000/0 on worker worker-20211125050935-192.168.1.3-37279
21/11/25 06:31:34 ERROR Master: RECEIVED SIGNAL TERM
21/11/25 06:31:34 INFO Master: Received unregister request from application app-20211125050946-0000
21/11/25 06:31:34 INFO Master: Removing app app-20211125050946-0000
