Spark Command: /usr/lib/jvm/java-8-openjdk-amd64/jre/bin/java -cp /opt/spark/conf/:/opt/spark/jars/* -Xmx1g org.apache.spark.deploy.worker.Worker --webui-port 8081 spark://cassandra-ubuntu-20-04-1-vm.us-west1-b.c.spark-streaming-326814.internal:7077
========================================
Using Spark's default log4j profile: org/apache/spark/log4j-defaults.properties
21/11/25 05:09:34 INFO Worker: Started daemon with process name: 3174@cassandra-ubuntu-20-04-1-vm
21/11/25 05:09:34 INFO SignalUtils: Registering signal handler for TERM
21/11/25 05:09:34 INFO SignalUtils: Registering signal handler for HUP
21/11/25 05:09:34 INFO SignalUtils: Registering signal handler for INT
21/11/25 05:09:35 WARN NativeCodeLoader: Unable to load native-hadoop library for your platform... using builtin-java classes where applicable
21/11/25 05:09:35 INFO SecurityManager: Changing view acls to: shaivishubhi
21/11/25 05:09:35 INFO SecurityManager: Changing modify acls to: shaivishubhi
21/11/25 05:09:35 INFO SecurityManager: Changing view acls groups to: 
21/11/25 05:09:35 INFO SecurityManager: Changing modify acls groups to: 
21/11/25 05:09:35 INFO SecurityManager: SecurityManager: authentication disabled; ui acls disabled; users  with view permissions: Set(shaivishubhi); groups with view permissions: Set(); users  with modify permissions: Set(shaivishubhi); groups with modify permissions: Set()
21/11/25 05:09:35 INFO Utils: Successfully started service 'sparkWorker' on port 37279.
21/11/25 05:09:35 INFO Worker: Worker decommissioning not enabled, SIGPWR will result in exiting.
21/11/25 05:09:36 INFO Worker: Starting Spark worker 192.168.1.3:37279 with 2 cores, 6.8 GiB RAM
21/11/25 05:09:36 INFO Worker: Running Spark version 3.1.2
21/11/25 05:09:36 INFO Worker: Spark home: /opt/spark
21/11/25 05:09:36 INFO ResourceUtils: ==============================================================
21/11/25 05:09:36 INFO ResourceUtils: No custom resources configured for spark.worker.
21/11/25 05:09:36 INFO ResourceUtils: ==============================================================
21/11/25 05:09:36 INFO Utils: Successfully started service 'WorkerUI' on port 8081.
21/11/25 05:09:36 INFO WorkerWebUI: Bound WorkerWebUI to 0.0.0.0, and started at http://cassandra-ubuntu-20-04-1-vm.us-west1-b.c.spark-streaming-326814.internal:8081
21/11/25 05:09:36 INFO Worker: Connecting to master cassandra-ubuntu-20-04-1-vm.us-west1-b.c.spark-streaming-326814.internal:7077...
21/11/25 05:09:36 INFO TransportClientFactory: Successfully created connection to cassandra-ubuntu-20-04-1-vm.us-west1-b.c.spark-streaming-326814.internal/192.168.1.3:7077 after 56 ms (0 ms spent in bootstraps)
21/11/25 05:09:36 INFO Worker: Successfully registered with master spark://cassandra-ubuntu-20-04-1-vm.us-west1-b.c.spark-streaming-326814.internal:7077
21/11/25 05:09:47 INFO Worker: Asked to launch executor app-20211125050946-0000/0 for Stream Table Join Demo
21/11/25 05:09:47 INFO SecurityManager: Changing view acls to: shaivishubhi
21/11/25 05:09:47 INFO SecurityManager: Changing modify acls to: shaivishubhi
21/11/25 05:09:47 INFO SecurityManager: Changing view acls groups to: 
21/11/25 05:09:47 INFO SecurityManager: Changing modify acls groups to: 
21/11/25 05:09:47 INFO SecurityManager: SecurityManager: authentication disabled; ui acls disabled; users  with view permissions: Set(shaivishubhi); groups with view permissions: Set(); users  with modify permissions: Set(shaivishubhi); groups with modify permissions: Set()
21/11/25 05:09:47 INFO ExecutorRunner: Launch command: "/usr/lib/jvm/java-8-openjdk-amd64/jre/bin/java" "-cp" "/opt/spark/conf/:/opt/spark/jars/*" "-Xmx1024M" "-Dspark.cassandra.connection.port=9042" "-Dspark.driver.port=36929" "org.apache.spark.executor.CoarseGrainedExecutorBackend" "--driver-url" "spark://CoarseGrainedScheduler@cassandra-ubuntu-20-04-1-vm.us-west1-b.c.spark-streaming-326814.internal:36929" "--executor-id" "0" "--hostname" "192.168.1.3" "--cores" "2" "--app-id" "app-20211125050946-0000" "--worker-url" "spark://Worker@192.168.1.3:37279"
21/11/25 06:31:34 ERROR Worker: RECEIVED SIGNAL TERM
21/11/25 06:31:34 INFO ExecutorRunner: Killing process!
21/11/25 06:31:34 INFO ShutdownHookManager: Shutdown hook called
21/11/25 06:31:35 INFO ShutdownHookManager: Deleting directory /tmp/spark-b0957f01-0d67-40a1-9e66-51e8c35791d4
21/11/25 06:31:35 INFO Worker: Executor app-20211125050946-0000/0 finished with state EXITED message Command exited with code 143 exitStatus 143
21/11/25 06:31:35 INFO ExternalShuffleBlockResolver: Clean up non-shuffle and non-RDD files associated with the finished executor 0
21/11/25 06:31:35 INFO ExternalShuffleBlockResolver: Executor is not registered (appId=app-20211125050946-0000, execId=0)
